{"numFailedTestSuites":0,"numFailedTests":0,"numPassedTestSuites":1,"numPassedTests":1,"numPendingTestSuites":0,"numPendingTests":0,"numRuntimeErrorTestSuites":0,"numTodoTests":0,"numTotalTestSuites":1,"numTotalTests":1,"openHandles":[],"snapshot":{"added":0,"didUpdate":false,"failure":false,"filesAdded":0,"filesRemoved":0,"filesRemovedList":[],"filesUnmatched":0,"filesUpdated":0,"matched":0,"total":0,"unchecked":0,"uncheckedKeysByFile":[],"unmatched":0,"updated":0},"startTime":1733942981795,"success":true,"testResults":[{"assertionResults":[{"ancestorTitles":[],"duration":1,"failureDetails":[],"failureMessages":[],"fullName":"Returns true","invocations":1,"location":null,"numPassingAsserts":1,"retryReasons":[],"status":"passed","title":"Returns true"}],"endTime":1733942981936,"message":"","name":"/home/rafaynadeem/Desktop/Devops/DEVEOPS_ASSIGNEMNT/backend/test.js","startTime":1733942981816,"status":"passed","summary":""}],"wasInterrupted":false}
